<?xml version="1.0" encoding="UTF-8"?>
<!-- Generated by org.testng.reporters.JUnitReportReporter -->
<testsuite hostname="taras-X555LAB" name="com.aol.tests.TestngTest" tests="2" failures="0" timestamp="6 Mar 2016 19:37:20 GMT" time="0.013" errors="0">
  <testcase name="nullPointerTest" time="0.010" classname="com.aol.tests.TestngTest"/>
  <testcase name="shouldAlwaysPass" time="0.003" classname="com.aol.tests.TestngTest"/>
</testsuite> <!-- com.aol.tests.TestngTest -->
