<?xml version="1.0" encoding="UTF-8"?>
<!-- Generated by org.testng.reporters.JUnitReportReporter -->
<testsuite hostname="taras-X555LAB" name="com.aol.tests.basetests.TestngTest" tests="2" failures="0" timestamp="2 Apr 2016 07:44:21 GMT" time="0.006" errors="0">
  <testcase name="shouldAlwaysPass" time="0.001" classname="com.aol.tests.basetests.TestngTest"/>
  <testcase name="nullPointerExseptionShouldPass" time="0.005" classname="com.aol.tests.basetests.TestngTest"/>
</testsuite> <!-- com.aol.tests.basetests.TestngTest -->
