<?xml version="1.0" encoding="UTF-8"?>
<!-- Generated by org.testng.reporters.JUnitReportReporter -->
<testsuite hostname="taras-X555LAB" name="com.aol.tests.TestCase2" tests="1" failures="0" timestamp="4 Mar 2016 21:58:52 GMT" time="0.000" errors="0">
  <testcase name="testCase2" time="0.000" classname="com.aol.tests.TestCase2"/>
</testsuite> <!-- com.aol.tests.TestCase2 -->
