<?xml version="1.0" encoding="UTF-8"?>
<!-- Generated by org.testng.reporters.JUnitReportReporter -->
<testsuite hostname="taras-X555LAB" name="com.aol.tests.Test" tests="1" failures="0" timestamp="4 Mar 2016 21:18:56 GMT" time="4.339" errors="0">
  <testcase name="test1" time="4.339" classname="com.aol.tests.Test"/>
</testsuite> <!-- com.aol.tests.Test -->
